[2021-04-09 00:28:22,746][MainThread:18640][task_id:django.utils.autoreload][autoreload.py:636][INFO][Watching for file changes with StatReloader]
[2021-04-09 00:34:26,126][MainThread:19532][task_id:django.utils.autoreload][autoreload.py:636][INFO][Watching for file changes with StatReloader]
[2021-04-09 00:34:36,070][Thread-1:7344][task_id:django.request][log.py:230][WARNING][Not Found: /]
[2021-04-09 00:34:36,463][Thread-1:7344][task_id:django.request][log.py:230][WARNING][Not Found: /favicon.ico]
[2021-04-09 00:34:46,549][Thread-3:2752][task_id:django.request][log.py:230][WARNING][Not Found: /docs]
[2021-04-09 13:36:24,320][MainThread:17696][task_id:django.utils.autoreload][autoreload.py:636][INFO][Watching for file changes with StatReloader]
[2021-04-11 00:49:28,794][MainThread:21476][task_id:django.utils.autoreload][autoreload.py:636][INFO][Watching for file changes with StatReloader]
[2021-04-11 00:51:10,469][MainThread:21476][task_id:django.utils.autoreload][autoreload.py:250][INFO][D:\_2021Spring\计网\课设\DjangoMail\DjangoMail\WebMail\urls.py changed, reloading.]
[2021-04-11 00:51:13,706][MainThread:3692][task_id:django.utils.autoreload][autoreload.py:636][INFO][Watching for file changes with StatReloader]
[2021-04-11 00:51:45,448][MainThread:3692][task_id:django.utils.autoreload][autoreload.py:250][INFO][D:\_2021Spring\计网\课设\DjangoMail\DjangoMail\WebMail\views.py changed, reloading.]
[2021-04-11 00:51:48,818][MainThread:32][task_id:django.utils.autoreload][autoreload.py:636][INFO][Watching for file changes with StatReloader]
[2021-04-11 00:51:55,419][MainThread:32][task_id:django.utils.autoreload][autoreload.py:250][INFO][D:\_2021Spring\计网\课设\DjangoMail\DjangoMail\WebMail\views.py changed, reloading.]
[2021-04-11 00:51:58,778][MainThread:9960][task_id:django.utils.autoreload][autoreload.py:636][INFO][Watching for file changes with StatReloader]
[2021-04-11 00:52:36,234][Thread-7:4876][task_id:django.request][log.py:230][WARNING][Not Found: /]
[2021-04-11 00:52:36,615][Thread-7:4876][task_id:django.request][log.py:230][WARNING][Not Found: /favicon.ico]
[2021-04-11 00:52:49,305][Thread-7:4876][task_id:django.request][log.py:230][WARNING][Not Found: /showconfig]
[2021-04-11 00:52:53,953][Thread-7:4876][task_id:django.request][log.py:230][WARNING][Not Found: /showconfig/]
[2021-04-11 00:53:33,249][Thread-7:4876][task_id:django.request][log.py:230][WARNING][Not Found: /webmail/showconfig/]
[2021-04-11 00:53:40,243][Thread-7:4876][task_id:django.request][log.py:230][WARNING][Not Found: /webmails/showconfig/]
[2021-04-11 00:54:01,238][Thread-7:4876][task_id:django.request][log.py:230][ERROR][Internal Server Error: /WebMail/showconfig/]
Traceback (most recent call last):
  File "D:\Anaconda3\envs\mail\lib\site-packages\django\core\handlers\exception.py", line 47, in inner
    response = get_response(request)
  File "D:\Anaconda3\envs\mail\lib\site-packages\django\core\handlers\base.py", line 181, in _get_response
    response = wrapped_callback(request, *callback_args, **callback_kwargs)
  File "D:\_2021Spring\计网\课设\DjangoMail\DjangoMail\WebMail\views.py", line 107, in ShowConfig
    configJson = settings.mailSystemServer.ConfigShow()
  File "D:\Anaconda3\envs\mail\lib\site-packages\django\conf\__init__.py", line 83, in __getattr__
    val = getattr(self._wrapped, name)
AttributeError: 'Settings' object has no attribute 'mailSystemServer'
[2021-04-11 01:04:08,680][MainThread:9960][task_id:django.utils.autoreload][autoreload.py:250][INFO][D:\_2021Spring\计网\课设\DjangoMail\DjangoMail\DjangoMail\settings.py changed, reloading.]
[2021-04-11 01:04:11,976][MainThread:16808][task_id:django.utils.autoreload][autoreload.py:636][INFO][Watching for file changes with StatReloader]
[2021-04-11 01:04:14,837][MainThread:16808][task_id:django.utils.autoreload][autoreload.py:250][INFO][D:\_2021Spring\计网\课设\DjangoMail\DjangoMail\DjangoMail\settings.py changed, reloading.]
[2021-04-11 01:04:18,199][MainThread:24116][task_id:django.utils.autoreload][autoreload.py:636][INFO][Watching for file changes with StatReloader]
[2021-04-11 01:04:21,187][MainThread:24116][task_id:django.utils.autoreload][autoreload.py:250][INFO][D:\_2021Spring\计网\课设\DjangoMail\DjangoMail\DjangoMail\settings.py changed, reloading.]
[2021-04-11 01:04:24,577][MainThread:17600][task_id:django.utils.autoreload][autoreload.py:636][INFO][Watching for file changes with StatReloader]
[2021-04-11 01:04:27,571][MainThread:17600][task_id:django.utils.autoreload][autoreload.py:250][INFO][D:\_2021Spring\计网\课设\DjangoMail\DjangoMail\DjangoMail\settings.py changed, reloading.]
[2021-04-11 01:04:30,874][MainThread:6056][task_id:django.utils.autoreload][autoreload.py:636][INFO][Watching for file changes with StatReloader]
[2021-04-11 01:04:38,599][MainThread:6056][task_id:django.utils.autoreload][autoreload.py:250][INFO][D:\_2021Spring\计网\课设\DjangoMail\DjangoMail\DjangoMail\settings.py changed, reloading.]
[2021-04-11 01:04:42,081][MainThread:26620][task_id:django.utils.autoreload][autoreload.py:636][INFO][Watching for file changes with StatReloader]
[2021-04-11 01:04:52,512][MainThread:26620][task_id:django.utils.autoreload][autoreload.py:250][INFO][D:\_2021Spring\计网\课设\DjangoMail\DjangoMail\WebMail\views.py changed, reloading.]
[2021-04-11 01:04:56,082][MainThread:21556][task_id:django.utils.autoreload][autoreload.py:636][INFO][Watching for file changes with StatReloader]
[2021-04-11 01:05:01,650][MainThread:21556][task_id:django.utils.autoreload][autoreload.py:250][INFO][D:\_2021Spring\计网\课设\DjangoMail\DjangoMail\WebMail\views.py changed, reloading.]
[2021-04-11 01:05:05,191][MainThread:21912][task_id:django.utils.autoreload][autoreload.py:636][INFO][Watching for file changes with StatReloader]
[2021-04-11 01:05:17,379][Thread-7:13324][task_id:django.request][log.py:230][WARNING][Not Found: /]
[2021-04-11 01:05:26,551][Thread-7:13324][task_id:django.request][log.py:230][ERROR][Internal Server Error: /WebMail/showconfig/]
Traceback (most recent call last):
  File "D:\Anaconda3\envs\mail\lib\site-packages\django\core\handlers\exception.py", line 47, in inner
    response = get_response(request)
  File "D:\Anaconda3\envs\mail\lib\site-packages\django\core\handlers\base.py", line 181, in _get_response
    response = wrapped_callback(request, *callback_args, **callback_kwargs)
  File "D:\_2021Spring\计网\课设\DjangoMail\DjangoMail\WebMail\views.py", line 108, in ShowConfig
    configJson = settings.mailSystemServer.ConfigShow()
  File "D:\Anaconda3\envs\mail\lib\site-packages\django\conf\__init__.py", line 83, in __getattr__
    val = getattr(self._wrapped, name)
AttributeError: 'Settings' object has no attribute 'mailSystemServer'
[2021-04-11 01:06:26,397][MainThread:21912][task_id:django.utils.autoreload][autoreload.py:250][INFO][D:\_2021Spring\计网\课设\DjangoMail\DjangoMail\WebMail\views.py changed, reloading.]
[2021-04-11 01:06:30,206][MainThread:19712][task_id:django.utils.autoreload][autoreload.py:636][INFO][Watching for file changes with StatReloader]
[2021-04-11 01:06:41,482][MainThread:19712][task_id:django.utils.autoreload][autoreload.py:250][INFO][D:\_2021Spring\计网\课设\DjangoMail\DjangoMail\WebMail\views.py changed, reloading.]
[2021-04-11 01:06:56,296][MainThread:7704][task_id:django.utils.autoreload][autoreload.py:636][INFO][Watching for file changes with StatReloader]
[2021-04-11 01:07:07,197][Thread-7:21728][task_id:django.request][log.py:230][ERROR][Internal Server Error: /WebMail/showconfig/]
Traceback (most recent call last):
  File "D:\Anaconda3\envs\mail\lib\site-packages\django\core\handlers\exception.py", line 47, in inner
    response = get_response(request)
  File "D:\Anaconda3\envs\mail\lib\site-packages\django\core\handlers\base.py", line 181, in _get_response
    response = wrapped_callback(request, *callback_args, **callback_kwargs)
  File "D:\_2021Spring\计网\课设\DjangoMail\DjangoMail\WebMail\views.py", line 113, in ShowConfig
    configJson = settings.mailSystemServer.ConfigShow()
  File "D:\Anaconda3\envs\mail\lib\site-packages\django\conf\__init__.py", line 83, in __getattr__
    val = getattr(self._wrapped, name)
AttributeError: 'Settings' object has no attribute 'mailSystemServer'
[2021-04-11 01:08:15,849][MainThread:7704][task_id:django.utils.autoreload][autoreload.py:250][INFO][D:\_2021Spring\计网\课设\DjangoMail\DjangoMail\DjangoMail\settings.py changed, reloading.]
[2021-04-11 01:08:19,203][MainThread:8256][task_id:django.utils.autoreload][autoreload.py:636][INFO][Watching for file changes with StatReloader]
[2021-04-11 01:08:26,017][MainThread:8256][task_id:django.utils.autoreload][autoreload.py:250][INFO][D:\_2021Spring\计网\课设\DjangoMail\DjangoMail\WebMail\views.py changed, reloading.]
[2021-04-11 01:08:29,488][MainThread:6652][task_id:django.utils.autoreload][autoreload.py:636][INFO][Watching for file changes with StatReloader]
[2021-04-11 01:08:47,987][MainThread:6652][task_id:django.utils.autoreload][autoreload.py:250][INFO][D:\_2021Spring\计网\课设\DjangoMail\DjangoMail\WebMail\views.py changed, reloading.]
[2021-04-11 01:08:51,249][MainThread:23892][task_id:django.utils.autoreload][autoreload.py:636][INFO][Watching for file changes with StatReloader]
[2021-04-11 01:10:42,128][MainThread:23892][task_id:django.utils.autoreload][autoreload.py:250][INFO][D:\_2021Spring\计网\课设\DjangoMail\DjangoMail\WebMail\views.py changed, reloading.]
[2021-04-11 01:10:45,688][MainThread:23580][task_id:django.utils.autoreload][autoreload.py:636][INFO][Watching for file changes with StatReloader]
[2021-04-11 01:10:54,728][MainThread:23580][task_id:django.utils.autoreload][autoreload.py:250][INFO][D:\_2021Spring\计网\课设\DjangoMail\DjangoMail\WebMail\views.py changed, reloading.]
[2021-04-11 01:10:58,135][MainThread:17020][task_id:django.utils.autoreload][autoreload.py:636][INFO][Watching for file changes with StatReloader]
[2021-04-11 01:12:02,830][MainThread:17020][task_id:django.utils.autoreload][autoreload.py:250][INFO][D:\_2021Spring\计网\课设\DjangoMail\DjangoMail\WebMail\views.py changed, reloading.]
[2021-04-11 01:12:06,348][MainThread:24048][task_id:django.utils.autoreload][autoreload.py:636][INFO][Watching for file changes with StatReloader]
[2021-04-11 01:12:16,722][MainThread:24048][task_id:django.utils.autoreload][autoreload.py:250][INFO][D:\_2021Spring\计网\课设\DjangoMail\DjangoMail\WebMail\views.py changed, reloading.]
[2021-04-11 01:12:19,896][MainThread:26184][task_id:django.utils.autoreload][autoreload.py:636][INFO][Watching for file changes with StatReloader]
[2021-04-11 01:12:31,117][MainThread:26184][task_id:django.utils.autoreload][autoreload.py:250][INFO][D:\_2021Spring\计网\课设\DjangoMail\DjangoMail\WebMail\views.py changed, reloading.]
[2021-04-11 01:12:34,460][MainThread:18028][task_id:django.utils.autoreload][autoreload.py:636][INFO][Watching for file changes with StatReloader]
[2021-04-11 01:13:08,718][MainThread:18028][task_id:django.utils.autoreload][autoreload.py:250][INFO][D:\_2021Spring\计网\课设\DjangoMail\DjangoMail\WebMail\views.py changed, reloading.]
[2021-04-11 01:13:12,128][MainThread:15272][task_id:django.utils.autoreload][autoreload.py:636][INFO][Watching for file changes with StatReloader]
[2021-04-11 01:14:03,768][MainThread:15272][task_id:django.utils.autoreload][autoreload.py:250][INFO][D:\_2021Spring\计网\课设\DjangoMail\DjangoMail\WebMail\views.py changed, reloading.]
[2021-04-11 01:14:20,872][MainThread:18048][task_id:django.utils.autoreload][autoreload.py:636][INFO][Watching for file changes with StatReloader]
[2021-04-11 01:14:47,114][MainThread:18048][task_id:django.utils.autoreload][autoreload.py:250][INFO][D:\_2021Spring\计网\课设\DjangoMail\DjangoMail\WebMail\urls.py changed, reloading.]
[2021-04-11 01:14:50,332][MainThread:17124][task_id:django.utils.autoreload][autoreload.py:636][INFO][Watching for file changes with StatReloader]
[2021-04-11 01:14:53,280][MainThread:17124][task_id:django.utils.autoreload][autoreload.py:250][INFO][D:\_2021Spring\计网\课设\DjangoMail\DjangoMail\WebMail\urls.py changed, reloading.]
[2021-04-11 01:14:56,844][MainThread:25740][task_id:django.utils.autoreload][autoreload.py:636][INFO][Watching for file changes with StatReloader]
[2021-04-11 01:14:59,789][MainThread:25740][task_id:django.utils.autoreload][autoreload.py:250][INFO][D:\_2021Spring\计网\课设\DjangoMail\DjangoMail\WebMail\urls.py changed, reloading.]
[2021-04-11 01:15:03,295][MainThread:21628][task_id:django.utils.autoreload][autoreload.py:636][INFO][Watching for file changes with StatReloader]
[2021-04-11 01:15:08,948][MainThread:21628][task_id:django.utils.autoreload][autoreload.py:250][INFO][D:\_2021Spring\计网\课设\DjangoMail\DjangoMail\WebMail\urls.py changed, reloading.]
[2021-04-11 01:15:12,591][MainThread:26192][task_id:django.utils.autoreload][autoreload.py:636][INFO][Watching for file changes with StatReloader]
[2021-04-11 01:15:45,005][Thread-7:2032][task_id:django.request][log.py:230][ERROR][Internal Server Error: /WebMail/resetconfig/]
Traceback (most recent call last):
  File "D:\Anaconda3\envs\mail\lib\site-packages\django\core\handlers\exception.py", line 47, in inner
    response = get_response(request)
  File "D:\Anaconda3\envs\mail\lib\site-packages\django\core\handlers\base.py", line 181, in _get_response
    response = wrapped_callback(request, *callback_args, **callback_kwargs)
  File "D:\_2021Spring\计网\课设\DjangoMail\DjangoMail\WebMail\views.py", line 107, in ShowConfig
    if not Check["result"]:
TypeError: 'function' object is not subscriptable
[2021-04-11 01:16:01,409][MainThread:26192][task_id:django.utils.autoreload][autoreload.py:250][INFO][D:\_2021Spring\计网\课设\DjangoMail\DjangoMail\WebMail\urls.py changed, reloading.]
[2021-04-11 01:16:04,746][MainThread:25740][task_id:django.utils.autoreload][autoreload.py:636][INFO][Watching for file changes with StatReloader]
[2021-04-11 01:16:12,286][Thread-7:26300][task_id:django.request][log.py:230][ERROR][Internal Server Error: /WebMail/resetconfig/]
Traceback (most recent call last):
  File "D:\Anaconda3\envs\mail\lib\site-packages\django\core\handlers\exception.py", line 47, in inner
    response = get_response(request)
  File "D:\Anaconda3\envs\mail\lib\site-packages\django\core\handlers\base.py", line 181, in _get_response
    response = wrapped_callback(request, *callback_args, **callback_kwargs)
  File "D:\_2021Spring\计网\课设\DjangoMail\DjangoMail\WebMail\views.py", line 158, in ResetConfig
    "data": json.dumps(settings.mailSystemServer.ConfigDefault()),
  File "D:\Anaconda3\envs\mail\lib\site-packages\django\conf\__init__.py", line 83, in __getattr__
    val = getattr(self._wrapped, name)
AttributeError: 'Settings' object has no attribute 'mailSystemServer'
[2021-04-11 01:16:26,775][Thread-7:26300][task_id:django.request][log.py:230][ERROR][Internal Server Error: /WebMail/resetconfig/]
Traceback (most recent call last):
  File "D:\Anaconda3\envs\mail\lib\site-packages\django\core\handlers\exception.py", line 47, in inner
    response = get_response(request)
  File "D:\Anaconda3\envs\mail\lib\site-packages\django\core\handlers\base.py", line 181, in _get_response
    response = wrapped_callback(request, *callback_args, **callback_kwargs)
  File "D:\_2021Spring\计网\课设\DjangoMail\DjangoMail\WebMail\views.py", line 158, in ResetConfig
    "data": json.dumps(settings.mailSystemServer.ConfigDefault()),
  File "D:\Anaconda3\envs\mail\lib\site-packages\django\conf\__init__.py", line 83, in __getattr__
    val = getattr(self._wrapped, name)
AttributeError: 'Settings' object has no attribute 'mailSystemServer'
[2021-04-11 01:16:42,248][MainThread:25740][task_id:django.utils.autoreload][autoreload.py:250][INFO][D:\_2021Spring\计网\课设\DjangoMail\DjangoMail\WebMail\views.py changed, reloading.]
[2021-04-11 01:16:45,483][MainThread:17052][task_id:django.utils.autoreload][autoreload.py:636][INFO][Watching for file changes with StatReloader]
[2021-04-11 01:16:50,883][MainThread:17052][task_id:django.utils.autoreload][autoreload.py:250][INFO][D:\_2021Spring\计网\课设\DjangoMail\DjangoMail\WebMail\views.py changed, reloading.]
[2021-04-11 01:16:54,263][MainThread:5904][task_id:django.utils.autoreload][autoreload.py:636][INFO][Watching for file changes with StatReloader]
[2021-04-11 01:17:15,500][MainThread:5904][task_id:django.utils.autoreload][autoreload.py:250][INFO][D:\_2021Spring\计网\课设\DjangoMail\DjangoMail\WebMail\views.py changed, reloading.]
[2021-04-11 01:17:19,214][MainThread:23916][task_id:django.utils.autoreload][autoreload.py:636][INFO][Watching for file changes with StatReloader]
[2021-04-11 01:18:00,566][MainThread:20668][task_id:django.utils.autoreload][autoreload.py:636][INFO][Watching for file changes with StatReloader]
[2021-05-16 14:57:51,104][MainThread:16808][task_id:django.utils.autoreload][autoreload.py:636][INFO][Watching for file changes with StatReloader]
[2021-05-16 14:58:03,088][Thread-1:15324][task_id:django.request][log.py:230][WARNING][Not Found: /]
[2021-05-16 14:58:03,331][Thread-1:15324][task_id:django.request][log.py:230][WARNING][Not Found: /favicon.ico]
[2021-05-16 14:58:20,515][Thread-1:15324][task_id:django.request][log.py:230][WARNING][Not Found: /listunreadedmails/]
[2021-05-16 15:00:05,828][Thread-3:20584][task_id:django.request][log.py:230][ERROR][Internal Server Error: /webmail/listunreadedmails/]
Traceback (most recent call last):
  File "D:\Anaconda3\envs\mail\lib\site-packages\django\core\handlers\exception.py", line 47, in inner
    response = get_response(request)
  File "D:\Anaconda3\envs\mail\lib\site-packages\django\core\handlers\base.py", line 181, in _get_response
    response = wrapped_callback(request, *callback_args, **callback_kwargs)
  File "D:\_2021Spring\计网\课设\DjangoMail\DjangoMail\WebMail\views.py", line 613, in GetReadMailsbyId
    mailNo = int(mailNo)
TypeError: int() argument must be a string, a bytes-like object or a number, not 'NoneType'
[2021-05-16 15:03:04,638][MainThread:16808][task_id:django.utils.autoreload][autoreload.py:250][INFO][D:\_2021Spring\计网\课设\DjangoMail\DjangoMail\WebMail\urls.py changed, reloading.]
[2021-05-16 15:03:06,288][MainThread:7888][task_id:django.utils.autoreload][autoreload.py:636][INFO][Watching for file changes with StatReloader]
[2021-05-16 15:04:08,635][Thread-1:4388][task_id:django.request][log.py:230][WARNING][Not Found: /webmail/login/]
[2021-05-16 15:07:25,039][MainThread:7888][task_id:django.utils.autoreload][autoreload.py:250][INFO][D:\_2021Spring\计网\课设\DjangoMail\DjangoMail\WebMail\views.py changed, reloading.]
[2021-05-16 15:07:26,651][MainThread:20956][task_id:django.utils.autoreload][autoreload.py:636][INFO][Watching for file changes with StatReloader]
[2021-05-16 15:08:57,710][MainThread:20956][task_id:django.utils.autoreload][autoreload.py:250][INFO][D:\_2021Spring\计网\课设\DjangoMail\DjangoMail\WebMail\views.py changed, reloading.]
[2021-05-16 15:08:59,176][MainThread:20444][task_id:django.utils.autoreload][autoreload.py:636][INFO][Watching for file changes with StatReloader]
[2021-05-16 15:09:11,312][MainThread:20444][task_id:django.utils.autoreload][autoreload.py:250][INFO][D:\_2021Spring\计网\课设\DjangoMail\DjangoMail\WebMail\views.py changed, reloading.]
[2021-05-16 15:09:12,834][MainThread:15716][task_id:django.utils.autoreload][autoreload.py:636][INFO][Watching for file changes with StatReloader]
[2021-05-16 15:09:18,992][MainThread:15716][task_id:django.utils.autoreload][autoreload.py:250][INFO][D:\_2021Spring\计网\课设\DjangoMail\DjangoMail\WebMail\views.py changed, reloading.]
[2021-05-16 15:09:20,489][MainThread:14452][task_id:django.utils.autoreload][autoreload.py:636][INFO][Watching for file changes with StatReloader]
[2021-05-16 15:09:34,273][MainThread:14452][task_id:django.utils.autoreload][autoreload.py:250][INFO][D:\_2021Spring\计网\课设\DjangoMail\DjangoMail\WebMail\views.py changed, reloading.]
[2021-05-16 15:09:35,784][MainThread:17872][task_id:django.utils.autoreload][autoreload.py:636][INFO][Watching for file changes with StatReloader]
[2021-05-16 16:26:06,021][MainThread:17872][task_id:django.utils.autoreload][autoreload.py:250][INFO][D:\_2021Spring\计网\课设\DjangoMail\DjangoMail\WebMail\views.py changed, reloading.]
[2021-05-16 16:26:08,059][MainThread:22052][task_id:django.utils.autoreload][autoreload.py:636][INFO][Watching for file changes with StatReloader]
[2021-05-16 20:55:32,447][MainThread:22052][task_id:django.utils.autoreload][autoreload.py:250][INFO][D:\_2021Spring\计网\课设\DjangoMail\MailSystem\smtp.py changed, reloading.]
[2021-05-16 20:55:34,577][MainThread:24728][task_id:django.utils.autoreload][autoreload.py:636][INFO][Watching for file changes with StatReloader]
[2021-05-16 20:58:41,072][MainThread:24728][task_id:django.utils.autoreload][autoreload.py:250][INFO][D:\_2021Spring\计网\课设\DjangoMail\DjangoMail\WebMail\views.py changed, reloading.]
[2021-05-16 20:58:42,694][MainThread:3004][task_id:django.utils.autoreload][autoreload.py:636][INFO][Watching for file changes with StatReloader]
[2021-05-16 20:58:44,687][MainThread:3004][task_id:django.utils.autoreload][autoreload.py:250][INFO][D:\_2021Spring\计网\课设\DjangoMail\DjangoMail\WebMail\views.py changed, reloading.]
[2021-05-16 20:58:46,340][MainThread:11528][task_id:django.utils.autoreload][autoreload.py:636][INFO][Watching for file changes with StatReloader]
[2021-05-16 20:58:48,304][MainThread:11528][task_id:django.utils.autoreload][autoreload.py:250][INFO][D:\_2021Spring\计网\课设\DjangoMail\DjangoMail\WebMail\views.py changed, reloading.]
[2021-05-16 20:58:49,748][MainThread:21120][task_id:django.utils.autoreload][autoreload.py:636][INFO][Watching for file changes with StatReloader]
[2021-05-16 20:58:51,722][MainThread:21120][task_id:django.utils.autoreload][autoreload.py:250][INFO][D:\_2021Spring\计网\课设\DjangoMail\DjangoMail\WebMail\views.py changed, reloading.]
[2021-05-16 20:58:53,183][MainThread:22648][task_id:django.utils.autoreload][autoreload.py:636][INFO][Watching for file changes with StatReloader]
[2021-05-16 20:58:56,287][MainThread:22648][task_id:django.utils.autoreload][autoreload.py:250][INFO][D:\_2021Spring\计网\课设\DjangoMail\DjangoMail\WebMail\views.py changed, reloading.]
[2021-05-16 20:58:57,669][MainThread:23916][task_id:django.utils.autoreload][autoreload.py:636][INFO][Watching for file changes with StatReloader]
[2021-05-16 20:59:04,901][MainThread:23916][task_id:django.utils.autoreload][autoreload.py:250][INFO][D:\_2021Spring\计网\课设\DjangoMail\DjangoMail\WebMail\views.py changed, reloading.]
[2021-05-16 20:59:06,405][MainThread:17160][task_id:django.utils.autoreload][autoreload.py:636][INFO][Watching for file changes with StatReloader]
[2021-05-16 20:59:52,676][MainThread:17160][task_id:django.utils.autoreload][autoreload.py:250][INFO][D:\_2021Spring\计网\课设\DjangoMail\DjangoMail\WebMail\views.py changed, reloading.]
[2021-05-16 20:59:54,169][MainThread:2208][task_id:django.utils.autoreload][autoreload.py:636][INFO][Watching for file changes with StatReloader]
[2021-05-16 21:00:37,920][Thread-1:23964][task_id:django.request][log.py:230][ERROR][Internal Server Error: /webmail/getmaillist/]
Traceback (most recent call last):
  File "D:\Anaconda3\envs\mail\lib\site-packages\django\core\handlers\exception.py", line 47, in inner
    response = get_response(request)
  File "D:\Anaconda3\envs\mail\lib\site-packages\django\core\handlers\base.py", line 181, in _get_response
    response = wrapped_callback(request, *callback_args, **callback_kwargs)
  File "D:\_2021Spring\计网\课设\DjangoMail\DjangoMail\WebMail\views.py", line 595, in GetAllMailsbyId
    "data": json.dumps(mailJsonList)
  File "D:\Anaconda3\envs\mail\lib\json\__init__.py", line 231, in dumps
    return _default_encoder.encode(obj)
  File "D:\Anaconda3\envs\mail\lib\json\encoder.py", line 199, in encode
    chunks = self.iterencode(o, _one_shot=True)
  File "D:\Anaconda3\envs\mail\lib\json\encoder.py", line 257, in iterencode
    return _iterencode(o, 0)
  File "D:\Anaconda3\envs\mail\lib\json\encoder.py", line 179, in default
    raise TypeError(f'Object of type {o.__class__.__name__} '
TypeError: Object of type date is not JSON serializable
[2021-05-16 21:03:02,612][MainThread:2208][task_id:django.utils.autoreload][autoreload.py:250][INFO][D:\_2021Spring\计网\课设\DjangoMail\DjangoMail\WebMail\views.py changed, reloading.]
[2021-05-16 21:03:04,182][MainThread:24616][task_id:django.utils.autoreload][autoreload.py:636][INFO][Watching for file changes with StatReloader]
[2021-05-16 21:03:06,188][MainThread:24616][task_id:django.utils.autoreload][autoreload.py:250][INFO][D:\_2021Spring\计网\课设\DjangoMail\DjangoMail\WebMail\views.py changed, reloading.]
[2021-05-16 21:03:07,616][MainThread:11172][task_id:django.utils.autoreload][autoreload.py:636][INFO][Watching for file changes with StatReloader]
[2021-05-16 21:22:32,950][Thread-2:11680][task_id:django.request][log.py:230][WARNING][Not Found: /webmail/apis/webmail/mails/1/]
[2021-05-16 21:29:21,375][Thread-3:23172][task_id:django.request][log.py:230][WARNING][Not Found: /apis/webmail/mails/1/]
[2021-05-16 21:31:36,513][Thread-2:11680][task_id:django.request][log.py:230][ERROR][Internal Server Error: /webmail/mails/1/]
Traceback (most recent call last):
  File "D:\Anaconda3\envs\mail\lib\site-packages\django\core\handlers\exception.py", line 47, in inner
    response = get_response(request)
  File "D:\Anaconda3\envs\mail\lib\site-packages\django\core\handlers\base.py", line 181, in _get_response
    response = wrapped_callback(request, *callback_args, **callback_kwargs)
  File "D:\Anaconda3\envs\mail\lib\site-packages\django\views\decorators\csrf.py", line 54, in wrapped_view
    return view_func(*args, **kwargs)
  File "D:\Anaconda3\envs\mail\lib\site-packages\rest_framework\viewsets.py", line 125, in view
    return self.dispatch(request, *args, **kwargs)
  File "D:\Anaconda3\envs\mail\lib\site-packages\rest_framework\views.py", line 509, in dispatch
    response = self.handle_exception(exc)
  File "D:\Anaconda3\envs\mail\lib\site-packages\rest_framework\views.py", line 469, in handle_exception
    self.raise_uncaught_exception(exc)
  File "D:\Anaconda3\envs\mail\lib\site-packages\rest_framework\views.py", line 480, in raise_uncaught_exception
    raise exc
  File "D:\Anaconda3\envs\mail\lib\site-packages\rest_framework\views.py", line 506, in dispatch
    response = handler(request, *args, **kwargs)
  File "D:\Anaconda3\envs\mail\lib\site-packages\rest_framework\mixins.py", line 82, in partial_update
    return self.update(request, *args, **kwargs)
  File "D:\Anaconda3\envs\mail\lib\site-packages\rest_framework\mixins.py", line 75, in update
    return Response(serializer.data)
  File "D:\Anaconda3\envs\mail\lib\site-packages\rest_framework\serializers.py", line 548, in data
    ret = super().data
  File "D:\Anaconda3\envs\mail\lib\site-packages\rest_framework\serializers.py", line 246, in data
    self._data = self.to_representation(self.instance)
  File "D:\Anaconda3\envs\mail\lib\site-packages\rest_framework\serializers.py", line 515, in to_representation
    ret[field.field_name] = field.to_representation(attribute)
  File "D:\Anaconda3\envs\mail\lib\site-packages\rest_framework\fields.py", line 1299, in to_representation
    'Expected a `date`, but got a `datetime`. Refusing to coerce, '
AssertionError: Expected a `date`, but got a `datetime`. Refusing to coerce, as this may mean losing timezone information. Use a custom read-only field and deal with timezone issues explicitly.
[2021-05-16 21:33:00,440][Thread-3:23172][task_id:django.request][log.py:230][ERROR][Internal Server Error: /webmail/mails/1/]
Traceback (most recent call last):
  File "D:\Anaconda3\envs\mail\lib\site-packages\django\core\handlers\exception.py", line 47, in inner
    response = get_response(request)
  File "D:\Anaconda3\envs\mail\lib\site-packages\django\core\handlers\base.py", line 181, in _get_response
    response = wrapped_callback(request, *callback_args, **callback_kwargs)
  File "D:\Anaconda3\envs\mail\lib\site-packages\django\views\decorators\csrf.py", line 54, in wrapped_view
    return view_func(*args, **kwargs)
  File "D:\Anaconda3\envs\mail\lib\site-packages\rest_framework\viewsets.py", line 125, in view
    return self.dispatch(request, *args, **kwargs)
  File "D:\Anaconda3\envs\mail\lib\site-packages\rest_framework\views.py", line 509, in dispatch
    response = self.handle_exception(exc)
  File "D:\Anaconda3\envs\mail\lib\site-packages\rest_framework\views.py", line 469, in handle_exception
    self.raise_uncaught_exception(exc)
  File "D:\Anaconda3\envs\mail\lib\site-packages\rest_framework\views.py", line 480, in raise_uncaught_exception
    raise exc
  File "D:\Anaconda3\envs\mail\lib\site-packages\rest_framework\views.py", line 506, in dispatch
    response = handler(request, *args, **kwargs)
  File "D:\Anaconda3\envs\mail\lib\site-packages\rest_framework\mixins.py", line 82, in partial_update
    return self.update(request, *args, **kwargs)
  File "D:\Anaconda3\envs\mail\lib\site-packages\rest_framework\mixins.py", line 75, in update
    return Response(serializer.data)
  File "D:\Anaconda3\envs\mail\lib\site-packages\rest_framework\serializers.py", line 548, in data
    ret = super().data
  File "D:\Anaconda3\envs\mail\lib\site-packages\rest_framework\serializers.py", line 246, in data
    self._data = self.to_representation(self.instance)
  File "D:\Anaconda3\envs\mail\lib\site-packages\rest_framework\serializers.py", line 515, in to_representation
    ret[field.field_name] = field.to_representation(attribute)
  File "D:\Anaconda3\envs\mail\lib\site-packages\rest_framework\fields.py", line 1299, in to_representation
    'Expected a `date`, but got a `datetime`. Refusing to coerce, '
AssertionError: Expected a `date`, but got a `datetime`. Refusing to coerce, as this may mean losing timezone information. Use a custom read-only field and deal with timezone issues explicitly.
[2021-05-16 21:56:24,166][MainThread:11172][task_id:django.utils.autoreload][autoreload.py:250][INFO][D:\_2021Spring\计网\课设\DjangoMail\DjangoMail\WebMail\models.py changed, reloading.]
[2021-05-16 21:56:26,036][MainThread:22584][task_id:django.utils.autoreload][autoreload.py:636][INFO][Watching for file changes with StatReloader]
[2021-05-16 23:48:52,476][Thread-10:25436][task_id:django.request][log.py:230][ERROR][Internal Server Error: /webmail/getmail/]
Traceback (most recent call last):
  File "D:\Anaconda3\envs\mail\lib\site-packages\django\core\handlers\exception.py", line 47, in inner
    response = get_response(request)
  File "D:\Anaconda3\envs\mail\lib\site-packages\django\core\handlers\base.py", line 181, in _get_response
    response = wrapped_callback(request, *callback_args, **callback_kwargs)
  File "D:\_2021Spring\计网\课设\DjangoMail\DjangoMail\WebMail\views.py", line 617, in GetReadMailsbyId
    mailNo = int(mailNo)
ValueError: invalid literal for int() with base 10: 'undefined'
[2021-05-17 00:35:14,947][MainThread:22584][task_id:django.utils.autoreload][autoreload.py:250][INFO][D:\_2021Spring\计网\课设\DjangoMail\MailSystem\smtp.py changed, reloading.]
[2021-05-17 01:22:49,737][MainThread:21968][task_id:django.utils.autoreload][autoreload.py:636][INFO][Watching for file changes with StatReloader]
[2021-05-17 02:25:21,679][MainThread:13492][task_id:django.utils.autoreload][autoreload.py:636][INFO][Watching for file changes with StatReloader]
[2021-05-17 02:54:10,639][MainThread:13492][task_id:django.utils.autoreload][autoreload.py:250][INFO][D:\_2021Spring\计网\课设\DjangoMail\DjangoMail\WebMail\views.py changed, reloading.]
[2021-05-17 02:54:12,303][MainThread:3660][task_id:django.utils.autoreload][autoreload.py:636][INFO][Watching for file changes with StatReloader]
[2021-05-17 02:54:15,541][MainThread:3660][task_id:django.utils.autoreload][autoreload.py:250][INFO][D:\_2021Spring\计网\课设\DjangoMail\DjangoMail\WebMail\views.py changed, reloading.]
[2021-05-17 02:54:17,028][MainThread:14176][task_id:django.utils.autoreload][autoreload.py:636][INFO][Watching for file changes with StatReloader]
[2021-05-17 02:54:18,950][MainThread:14176][task_id:django.utils.autoreload][autoreload.py:250][INFO][D:\_2021Spring\计网\课设\DjangoMail\DjangoMail\WebMail\views.py changed, reloading.]
[2021-05-17 02:54:20,531][MainThread:24736][task_id:django.utils.autoreload][autoreload.py:636][INFO][Watching for file changes with StatReloader]
[2021-05-17 02:54:26,697][MainThread:24736][task_id:django.utils.autoreload][autoreload.py:250][INFO][D:\_2021Spring\计网\课设\DjangoMail\DjangoMail\WebMail\views.py changed, reloading.]
[2021-05-17 02:54:28,377][MainThread:16864][task_id:django.utils.autoreload][autoreload.py:636][INFO][Watching for file changes with StatReloader]
[2021-05-17 02:54:30,078][MainThread:16864][task_id:django.utils.autoreload][autoreload.py:250][INFO][D:\_2021Spring\计网\课设\DjangoMail\DjangoMail\WebMail\views.py changed, reloading.]
[2021-05-17 02:54:31,552][MainThread:25440][task_id:django.utils.autoreload][autoreload.py:636][INFO][Watching for file changes with StatReloader]
[2021-05-17 02:54:33,232][MainThread:25440][task_id:django.utils.autoreload][autoreload.py:250][INFO][D:\_2021Spring\计网\课设\DjangoMail\DjangoMail\WebMail\views.py changed, reloading.]
[2021-05-17 02:54:34,858][MainThread:3260][task_id:django.utils.autoreload][autoreload.py:636][INFO][Watching for file changes with StatReloader]
[2021-05-17 02:54:37,686][MainThread:3260][task_id:django.utils.autoreload][autoreload.py:250][INFO][D:\_2021Spring\计网\课设\DjangoMail\DjangoMail\WebMail\views.py changed, reloading.]
[2021-05-17 02:54:39,176][MainThread:20744][task_id:django.utils.autoreload][autoreload.py:636][INFO][Watching for file changes with StatReloader]
[2021-05-17 02:54:42,028][MainThread:20744][task_id:django.utils.autoreload][autoreload.py:250][INFO][D:\_2021Spring\计网\课设\DjangoMail\DjangoMail\WebMail\views.py changed, reloading.]
[2021-05-17 02:54:43,753][MainThread:19732][task_id:django.utils.autoreload][autoreload.py:636][INFO][Watching for file changes with StatReloader]
[2021-05-17 02:54:46,511][MainThread:19732][task_id:django.utils.autoreload][autoreload.py:250][INFO][D:\_2021Spring\计网\课设\DjangoMail\DjangoMail\WebMail\views.py changed, reloading.]
[2021-05-17 02:54:47,927][MainThread:23480][task_id:django.utils.autoreload][autoreload.py:636][INFO][Watching for file changes with StatReloader]
[2021-05-17 02:54:51,806][MainThread:23480][task_id:django.utils.autoreload][autoreload.py:250][INFO][D:\_2021Spring\计网\课设\DjangoMail\DjangoMail\WebMail\views.py changed, reloading.]
[2021-05-17 02:54:53,206][MainThread:24240][task_id:django.utils.autoreload][autoreload.py:636][INFO][Watching for file changes with StatReloader]
[2021-05-17 02:54:58,163][MainThread:24240][task_id:django.utils.autoreload][autoreload.py:250][INFO][D:\_2021Spring\计网\课设\DjangoMail\DjangoMail\WebMail\views.py changed, reloading.]
[2021-05-17 02:54:59,674][MainThread:1692][task_id:django.utils.autoreload][autoreload.py:636][INFO][Watching for file changes with StatReloader]
[2021-05-17 02:55:01,326][MainThread:1692][task_id:django.utils.autoreload][autoreload.py:250][INFO][D:\_2021Spring\计网\课设\DjangoMail\DjangoMail\WebMail\views.py changed, reloading.]
[2021-05-17 02:55:02,835][MainThread:25088][task_id:django.utils.autoreload][autoreload.py:636][INFO][Watching for file changes with StatReloader]
[2021-05-17 02:55:06,665][MainThread:25088][task_id:django.utils.autoreload][autoreload.py:250][INFO][D:\_2021Spring\计网\课设\DjangoMail\DjangoMail\WebMail\views.py changed, reloading.]
[2021-05-17 02:55:08,069][MainThread:23196][task_id:django.utils.autoreload][autoreload.py:636][INFO][Watching for file changes with StatReloader]
[2021-05-17 02:55:51,193][MainThread:23196][task_id:django.utils.autoreload][autoreload.py:250][INFO][D:\_2021Spring\计网\课设\DjangoMail\DjangoMail\WebMail\views.py changed, reloading.]
[2021-05-17 02:55:52,676][MainThread:22356][task_id:django.utils.autoreload][autoreload.py:636][INFO][Watching for file changes with StatReloader]
[2021-05-17 02:55:57,751][MainThread:22356][task_id:django.utils.autoreload][autoreload.py:250][INFO][D:\_2021Spring\计网\课设\DjangoMail\DjangoMail\WebMail\views.py changed, reloading.]
[2021-05-17 02:55:59,202][MainThread:23512][task_id:django.utils.autoreload][autoreload.py:636][INFO][Watching for file changes with StatReloader]
[2021-05-17 02:56:05,737][MainThread:23512][task_id:django.utils.autoreload][autoreload.py:250][INFO][D:\_2021Spring\计网\课设\DjangoMail\DjangoMail\WebMail\views.py changed, reloading.]
[2021-05-17 02:56:07,278][MainThread:24744][task_id:django.utils.autoreload][autoreload.py:636][INFO][Watching for file changes with StatReloader]
[2021-05-17 02:56:53,756][MainThread:24744][task_id:django.utils.autoreload][autoreload.py:250][INFO][D:\_2021Spring\计网\课设\DjangoMail\DjangoMail\WebMail\views.py changed, reloading.]
[2021-05-17 02:56:55,423][MainThread:16348][task_id:django.utils.autoreload][autoreload.py:636][INFO][Watching for file changes with StatReloader]
[2021-05-17 02:57:46,270][MainThread:16348][task_id:django.utils.autoreload][autoreload.py:250][INFO][D:\_2021Spring\计网\课设\DjangoMail\DjangoMail\WebMail\views.py changed, reloading.]
[2021-05-17 02:57:47,775][MainThread:23232][task_id:django.utils.autoreload][autoreload.py:636][INFO][Watching for file changes with StatReloader]
[2021-05-17 02:57:55,450][MainThread:23232][task_id:django.utils.autoreload][autoreload.py:250][INFO][D:\_2021Spring\计网\课设\DjangoMail\DjangoMail\WebMail\views.py changed, reloading.]
[2021-05-17 02:57:56,859][MainThread:22556][task_id:django.utils.autoreload][autoreload.py:636][INFO][Watching for file changes with StatReloader]
[2021-05-17 02:58:02,268][MainThread:22556][task_id:django.utils.autoreload][autoreload.py:250][INFO][D:\_2021Spring\计网\课设\DjangoMail\DjangoMail\WebMail\views.py changed, reloading.]
[2021-05-17 02:58:03,724][MainThread:22564][task_id:django.utils.autoreload][autoreload.py:636][INFO][Watching for file changes with StatReloader]
[2021-05-17 02:58:06,447][MainThread:22564][task_id:django.utils.autoreload][autoreload.py:250][INFO][D:\_2021Spring\计网\课设\DjangoMail\DjangoMail\WebMail\views.py changed, reloading.]
[2021-05-17 02:58:07,916][MainThread:24272][task_id:django.utils.autoreload][autoreload.py:636][INFO][Watching for file changes with StatReloader]
[2021-05-17 02:58:09,823][MainThread:24272][task_id:django.utils.autoreload][autoreload.py:250][INFO][D:\_2021Spring\计网\课设\DjangoMail\DjangoMail\WebMail\views.py changed, reloading.]
[2021-05-17 02:58:11,395][MainThread:14548][task_id:django.utils.autoreload][autoreload.py:636][INFO][Watching for file changes with StatReloader]
[2021-05-17 02:58:21,392][MainThread:14548][task_id:django.utils.autoreload][autoreload.py:250][INFO][D:\_2021Spring\计网\课设\DjangoMail\DjangoMail\WebMail\views.py changed, reloading.]
[2021-05-17 02:58:22,845][MainThread:10800][task_id:django.utils.autoreload][autoreload.py:636][INFO][Watching for file changes with StatReloader]
[2021-05-17 02:58:24,813][MainThread:10800][task_id:django.utils.autoreload][autoreload.py:250][INFO][D:\_2021Spring\计网\课设\DjangoMail\DjangoMail\WebMail\views.py changed, reloading.]
[2021-05-17 02:58:26,301][MainThread:12088][task_id:django.utils.autoreload][autoreload.py:636][INFO][Watching for file changes with StatReloader]
[2021-05-17 02:58:28,337][MainThread:12088][task_id:django.utils.autoreload][autoreload.py:250][INFO][D:\_2021Spring\计网\课设\DjangoMail\DjangoMail\WebMail\views.py changed, reloading.]
[2021-05-17 02:58:29,816][MainThread:12164][task_id:django.utils.autoreload][autoreload.py:636][INFO][Watching for file changes with StatReloader]
[2021-05-17 02:58:31,869][MainThread:12164][task_id:django.utils.autoreload][autoreload.py:250][INFO][D:\_2021Spring\计网\课设\DjangoMail\DjangoMail\WebMail\views.py changed, reloading.]
[2021-05-17 02:58:33,436][MainThread:3260][task_id:django.utils.autoreload][autoreload.py:636][INFO][Watching for file changes with StatReloader]
[2021-05-17 02:59:04,956][MainThread:3260][task_id:django.utils.autoreload][autoreload.py:250][INFO][D:\_2021Spring\计网\课设\DjangoMail\DjangoMail\WebMail\views.py changed, reloading.]
[2021-05-17 02:59:06,458][MainThread:19900][task_id:django.utils.autoreload][autoreload.py:636][INFO][Watching for file changes with StatReloader]
[2021-05-17 02:59:15,258][MainThread:19900][task_id:django.utils.autoreload][autoreload.py:250][INFO][D:\_2021Spring\计网\课设\DjangoMail\DjangoMail\WebMail\views.py changed, reloading.]
[2021-05-17 02:59:16,706][MainThread:20528][task_id:django.utils.autoreload][autoreload.py:636][INFO][Watching for file changes with StatReloader]
[2021-05-17 02:59:31,235][MainThread:20528][task_id:django.utils.autoreload][autoreload.py:250][INFO][D:\_2021Spring\计网\课设\DjangoMail\DjangoMail\WebMail\views.py changed, reloading.]
[2021-05-17 02:59:32,857][MainThread:20024][task_id:django.utils.autoreload][autoreload.py:636][INFO][Watching for file changes with StatReloader]
[2021-05-17 02:59:42,721][MainThread:20024][task_id:django.utils.autoreload][autoreload.py:250][INFO][D:\_2021Spring\计网\课设\DjangoMail\DjangoMail\WebMail\views.py changed, reloading.]
[2021-05-17 02:59:44,247][MainThread:10728][task_id:django.utils.autoreload][autoreload.py:636][INFO][Watching for file changes with StatReloader]
[2021-05-17 02:59:46,277][MainThread:10728][task_id:django.utils.autoreload][autoreload.py:250][INFO][D:\_2021Spring\计网\课设\DjangoMail\DjangoMail\WebMail\views.py changed, reloading.]
[2021-05-17 02:59:47,695][MainThread:21732][task_id:django.utils.autoreload][autoreload.py:636][INFO][Watching for file changes with StatReloader]
[2021-05-17 02:59:57,513][MainThread:21732][task_id:django.utils.autoreload][autoreload.py:250][INFO][D:\_2021Spring\计网\课设\DjangoMail\DjangoMail\WebMail\views.py changed, reloading.]
[2021-05-17 02:59:58,927][MainThread:16008][task_id:django.utils.autoreload][autoreload.py:636][INFO][Watching for file changes with StatReloader]
[2021-05-17 03:00:08,784][MainThread:16008][task_id:django.utils.autoreload][autoreload.py:250][INFO][D:\_2021Spring\计网\课设\DjangoMail\DjangoMail\WebMail\views.py changed, reloading.]
[2021-05-17 03:00:10,246][MainThread:16204][task_id:django.utils.autoreload][autoreload.py:636][INFO][Watching for file changes with StatReloader]
[2021-05-17 03:00:12,226][MainThread:16204][task_id:django.utils.autoreload][autoreload.py:250][INFO][D:\_2021Spring\计网\课设\DjangoMail\DjangoMail\WebMail\views.py changed, reloading.]
[2021-05-17 03:00:13,684][MainThread:11000][task_id:django.utils.autoreload][autoreload.py:636][INFO][Watching for file changes with StatReloader]
[2021-05-17 03:00:32,609][MainThread:11000][task_id:django.utils.autoreload][autoreload.py:250][INFO][D:\_2021Spring\计网\课设\DjangoMail\DjangoMail\WebMail\views.py changed, reloading.]
[2021-05-17 03:00:34,053][MainThread:20556][task_id:django.utils.autoreload][autoreload.py:636][INFO][Watching for file changes with StatReloader]
[2021-05-17 03:00:45,037][MainThread:20556][task_id:django.utils.autoreload][autoreload.py:250][INFO][D:\_2021Spring\计网\课设\DjangoMail\DjangoMail\WebMail\urls.py changed, reloading.]
[2021-05-17 03:00:46,502][MainThread:20176][task_id:django.utils.autoreload][autoreload.py:636][INFO][Watching for file changes with StatReloader]
[2021-05-17 03:00:50,776][MainThread:20176][task_id:django.utils.autoreload][autoreload.py:250][INFO][D:\_2021Spring\计网\课设\DjangoMail\DjangoMail\WebMail\urls.py changed, reloading.]
[2021-05-17 03:00:52,163][MainThread:12048][task_id:django.utils.autoreload][autoreload.py:636][INFO][Watching for file changes with StatReloader]
[2021-05-17 03:00:55,326][MainThread:12048][task_id:django.utils.autoreload][autoreload.py:250][INFO][D:\_2021Spring\计网\课设\DjangoMail\DjangoMail\WebMail\urls.py changed, reloading.]
[2021-05-17 03:00:56,780][MainThread:21496][task_id:django.utils.autoreload][autoreload.py:636][INFO][Watching for file changes with StatReloader]
[2021-05-17 03:01:02,200][MainThread:21496][task_id:django.utils.autoreload][autoreload.py:250][INFO][D:\_2021Spring\计网\课设\DjangoMail\DjangoMail\WebMail\urls.py changed, reloading.]
[2021-05-17 03:01:03,745][MainThread:22356][task_id:django.utils.autoreload][autoreload.py:636][INFO][Watching for file changes with StatReloader]
[2021-05-17 03:01:39,668][MainThread:22356][task_id:django.utils.autoreload][autoreload.py:250][INFO][D:\_2021Spring\计网\课设\DjangoMail\DjangoMail\WebMail\urls.py changed, reloading.]
[2021-05-17 03:01:41,127][MainThread:13840][task_id:django.utils.autoreload][autoreload.py:636][INFO][Watching for file changes with StatReloader]
[2021-05-17 03:01:48,686][MainThread:13840][task_id:django.utils.autoreload][autoreload.py:250][INFO][D:\_2021Spring\计网\课设\DjangoMail\DjangoMail\WebMail\urls.py changed, reloading.]
[2021-05-17 03:01:50,121][MainThread:16672][task_id:django.utils.autoreload][autoreload.py:636][INFO][Watching for file changes with StatReloader]
[2021-05-17 03:01:54,402][MainThread:16672][task_id:django.utils.autoreload][autoreload.py:250][INFO][D:\_2021Spring\计网\课设\DjangoMail\DjangoMail\WebMail\urls.py changed, reloading.]
[2021-05-17 03:01:55,836][MainThread:19988][task_id:django.utils.autoreload][autoreload.py:636][INFO][Watching for file changes with StatReloader]
[2021-05-17 03:01:57,810][MainThread:19988][task_id:django.utils.autoreload][autoreload.py:250][INFO][D:\_2021Spring\计网\课设\DjangoMail\DjangoMail\WebMail\urls.py changed, reloading.]
[2021-05-17 03:01:59,228][MainThread:22176][task_id:django.utils.autoreload][autoreload.py:636][INFO][Watching for file changes with StatReloader]
[2021-05-17 03:02:02,291][MainThread:22176][task_id:django.utils.autoreload][autoreload.py:250][INFO][D:\_2021Spring\计网\课设\DjangoMail\DjangoMail\WebMail\urls.py changed, reloading.]
[2021-05-17 03:02:04,023][MainThread:2708][task_id:django.utils.autoreload][autoreload.py:636][INFO][Watching for file changes with StatReloader]
[2021-05-17 03:02:05,937][MainThread:2708][task_id:django.utils.autoreload][autoreload.py:250][INFO][D:\_2021Spring\计网\课设\DjangoMail\DjangoMail\WebMail\urls.py changed, reloading.]
[2021-05-17 03:02:07,449][MainThread:25460][task_id:django.utils.autoreload][autoreload.py:636][INFO][Watching for file changes with StatReloader]
[2021-05-17 03:02:10,475][MainThread:25460][task_id:django.utils.autoreload][autoreload.py:250][INFO][D:\_2021Spring\计网\课设\DjangoMail\DjangoMail\WebMail\urls.py changed, reloading.]
[2021-05-17 03:02:11,955][MainThread:1624][task_id:django.utils.autoreload][autoreload.py:636][INFO][Watching for file changes with StatReloader]
[2021-05-17 03:02:20,648][MainThread:1624][task_id:django.utils.autoreload][autoreload.py:250][INFO][D:\_2021Spring\计网\课设\DjangoMail\DjangoMail\WebMail\urls.py changed, reloading.]
[2021-05-17 03:02:22,086][MainThread:13760][task_id:django.utils.autoreload][autoreload.py:636][INFO][Watching for file changes with StatReloader]
[2021-05-17 03:03:01,335][MainThread:13760][task_id:django.utils.autoreload][autoreload.py:250][INFO][D:\_2021Spring\计网\课设\DjangoMail\DjangoMail\WebMail\views.py changed, reloading.]
[2021-05-17 03:03:02,816][MainThread:20548][task_id:django.utils.autoreload][autoreload.py:636][INFO][Watching for file changes with StatReloader]
[2021-05-17 03:06:02,960][MainThread:20548][task_id:django.utils.autoreload][autoreload.py:250][INFO][D:\_2021Spring\计网\课设\DjangoMail\DjangoMail\WebMail\views.py changed, reloading.]
[2021-05-17 03:06:04,468][MainThread:6664][task_id:django.utils.autoreload][autoreload.py:636][INFO][Watching for file changes with StatReloader]
[2021-05-17 03:06:06,115][MainThread:6664][task_id:django.utils.autoreload][autoreload.py:250][INFO][D:\_2021Spring\计网\课设\DjangoMail\DjangoMail\WebMail\views.py changed, reloading.]
[2021-05-17 03:06:07,725][MainThread:18316][task_id:django.utils.autoreload][autoreload.py:636][INFO][Watching for file changes with StatReloader]
[2021-05-17 03:06:09,353][MainThread:18316][task_id:django.utils.autoreload][autoreload.py:250][INFO][D:\_2021Spring\计网\课设\DjangoMail\DjangoMail\WebMail\views.py changed, reloading.]
[2021-05-17 03:06:10,844][MainThread:14548][task_id:django.utils.autoreload][autoreload.py:636][INFO][Watching for file changes with StatReloader]
[2021-05-17 03:06:12,436][MainThread:14548][task_id:django.utils.autoreload][autoreload.py:250][INFO][D:\_2021Spring\计网\课设\DjangoMail\DjangoMail\WebMail\views.py changed, reloading.]
[2021-05-17 03:06:14,010][MainThread:22844][task_id:django.utils.autoreload][autoreload.py:636][INFO][Watching for file changes with StatReloader]
[2021-05-17 03:06:15,644][MainThread:22844][task_id:django.utils.autoreload][autoreload.py:250][INFO][D:\_2021Spring\计网\课设\DjangoMail\DjangoMail\WebMail\views.py changed, reloading.]
[2021-05-17 03:06:17,091][MainThread:9900][task_id:django.utils.autoreload][autoreload.py:636][INFO][Watching for file changes with StatReloader]
[2021-05-17 03:06:20,197][MainThread:9900][task_id:django.utils.autoreload][autoreload.py:250][INFO][D:\_2021Spring\计网\课设\DjangoMail\DjangoMail\WebMail\views.py changed, reloading.]
[2021-05-17 03:06:21,926][MainThread:14856][task_id:django.utils.autoreload][autoreload.py:636][INFO][Watching for file changes with StatReloader]
[2021-05-17 03:06:25,098][MainThread:14856][task_id:django.utils.autoreload][autoreload.py:250][INFO][D:\_2021Spring\计网\课设\DjangoMail\DjangoMail\WebMail\views.py changed, reloading.]
[2021-05-17 03:06:26,676][MainThread:24740][task_id:django.utils.autoreload][autoreload.py:636][INFO][Watching for file changes with StatReloader]
[2021-05-17 03:08:10,365][Thread-1:20572][task_id:django.request][log.py:230][WARNING][Not Found: /webmail/sentmailbysmtp/]
[2021-05-17 03:09:10,006][MainThread:24740][task_id:django.utils.autoreload][autoreload.py:250][INFO][D:\_2021Spring\计网\课设\DjangoMail\DjangoMail\WebMail\views.py changed, reloading.]
[2021-05-17 03:09:11,415][MainThread:13456][task_id:django.utils.autoreload][autoreload.py:636][INFO][Watching for file changes with StatReloader]
[2021-05-17 03:14:13,955][MainThread:13456][task_id:django.utils.autoreload][autoreload.py:250][INFO][D:\_2021Spring\计网\课设\DjangoMail\DjangoMail\WebMail\views.py changed, reloading.]
[2021-05-17 03:14:15,551][MainThread:22980][task_id:django.utils.autoreload][autoreload.py:636][INFO][Watching for file changes with StatReloader]
[2021-05-17 03:14:35,844][MainThread:22980][task_id:django.utils.autoreload][autoreload.py:250][INFO][D:\_2021Spring\计网\课设\DjangoMail\DjangoMail\WebMail\views.py changed, reloading.]
[2021-05-17 03:14:37,391][MainThread:21032][task_id:django.utils.autoreload][autoreload.py:636][INFO][Watching for file changes with StatReloader]
